FPGA Mapping Comparison Report
Generated: 2025年 08月 11日 星期一 21:15:37 CST
K-value: 6

Configuration Details:
  Standard: Traditional mapping without hypergraph partitioning
  -H 0: Hypergraph partitioning WITHOUT critical path consideration
  -H 1: Hypergraph partitioning WITH critical path consideration

================================================================
Category: arithmetic
================================================================

Benchmark                         Std_Nodes     H0_Nodes     H1_Nodes    Std_Lev     H0_Lev     H1_Lev        CEC
------------------------------ ------------ ------------ ------------ ---------- ---------- ---------- ----------
adder                                   254 202 (-20.4%) 202 (-20.4%)         51         74         74       PASS
bar                                     512 628 (+22.6%) 628 (+22.6%)          4          4          4       PASS
div                                   22113 22766 (+2.9%) 22766 (+2.9%)        864       2052       2052       PASS
hyp                                   44508 47722 (+7.2%) 47722 (+7.2%)       4194       8449       8449       PASS
log2                                   8092 7981 (-1.3%) 7981 (-1.3%)         72        132        132       PASS
max                                     769  740 (-3.7%)  740 (-3.7%)         44         90         90       PASS
multiplier                             5927 5775 (-2.5%) 5775 (-2.5%)         53         89         89       PASS
sin                                    1464 1445 (-1.2%) 1445 (-1.2%)         36         63         63       PASS
sqrt                                   5711 8051 (+40.9%) 8051 (+40.9%)       1033       3813       3813       PASS
square                                 3998 3916 (-2.0%) 3916 (-2.0%)         50        108        108       PASS


================================================================
Category: random_control
================================================================

Benchmark                         Std_Nodes     H0_Nodes     H1_Nodes    Std_Lev     H0_Lev     H1_Lev        CEC
------------------------------ ------------ ------------ ------------ ---------- ---------- ---------- ----------
arbiter                                2722 2615 (-3.9%) 2615 (-3.9%)         18         20         20       PASS
cavlc                                   116  118 (+1.7%)  118 (+1.7%)          4          5          5       PASS
ctrl                                     29   30 (+3.4%)   30 (+3.4%)          2          2          2       PASS
dec                                     287  276 (-3.8%)  276 (-3.8%)          2          2          2       PASS
i2c                                       0           0            0           0          0          0       PASS
int2float                                51   49 (-3.9%)   49 (-3.9%)          3          5          5       PASS
mem_ctrl                                  0           0            0           0          0          0       PASS
priority                                210 251 (+19.5%) 251 (+19.5%)         31         34         34       PASS
router                                   89  74 (-16.8%)  74 (-16.8%)          7         11         11       PASS
voter                                  2695 2372 (-11.9%) 2372 (-11.9%)         16         26         26       PASS


================================================================
Summary Statistics
================================================================

Total benchmarks tested: 19

Results for -H 0 (Hypergraph without critical path):
  Improved (fewer nodes): 11 (57%)
  Equal:                  0 (0%)
  Worse (more nodes):     7 (36%)

Results for -H 1 (Hypergraph with critical path):
  Improved (fewer nodes): 0 (0%)
  Equal:                  0 (0%)
  Worse (more nodes):     0 (0%)

Comparison between -H 0 and -H 1:
  -H 1 better than -H 0:  0
  -H 1 equal to -H 0:     2
  -H 1 worse than -H 0:   1

Level (Delay) Analysis:
  -H 0 improves delay: 0 benchmarks
  -H 1 improves delay: 0 benchmarks
  No delay change:     2 benchmarks

Functional Equivalence Check (CEC):
  ✓ All mappings are functionally equivalent to original
  CEC Status: PASSED for all 19 benchmarks

